<?xml version="1.0" encoding="UTF-8"?>
<!-- Generated by org.testng.reporters.JUnitReportReporter -->
<testsuite hostname="DESKTOP-QQJINFP" failures="0" tests="1" name="edit.EducacionIT_74158.PracticaM3" time="17.594" errors="0" timestamp="2024-11-25T09:45:27 ART" skipped="0">
  <testcase classname="edit.EducacionIT_74158.PracticaM3" name="irAAContactanos" time="17.594"/>
</testsuite> <!-- edit.EducacionIT_74158.PracticaM3 -->
