<?xml version="1.0" encoding="UTF-8"?>
<!-- Generated by org.testng.reporters.JUnitReportReporter -->
<testsuite hostname="DESKTOP-QQJINFP" failures="0" tests="1" name="edit.EducacionIT_74158.AppTest" time="0.023" errors="0" timestamp="2024-11-20T08:49:50 ART" skipped="0">
  <testcase classname="edit.EducacionIT_74158.AppTest" name="testApp" time="0.023"/>
</testsuite> <!-- edit.EducacionIT_74158.AppTest -->
