<?xml version="1.0" encoding="UTF-8"?>
<!-- Generated by org.testng.reporters.JUnitReportReporter -->
<testsuite hostname="DESKTOP-QQJINFP" failures="0" tests="2" name="pruebas.PracticaM4" time="7.586" errors="0" timestamp="2024-11-27T09:06:04 ART" skipped="0">
  <testcase classname="pruebas.PracticaM4" name="buscarPalabra" time="3.400"/>
  <testcase classname="pruebas.PracticaM4" name="login" time="4.186"/>
</testsuite> <!-- pruebas.PracticaM4 -->
