<?xml version="1.0" encoding="UTF-8"?>
<!-- Generated by org.testng.reporters.JUnitReportReporter -->
<testsuite hostname="DESKTOP-QQJINFP" failures="0" tests="1" name="edit.EducacionIT_74158.PracticaM2" time="38.597" errors="0" timestamp="2024-11-20T09:15:25 ART" skipped="0">
  <testcase classname="edit.EducacionIT_74158.PracticaM2" name="registrarUsuario" time="38.597"/>
</testsuite> <!-- edit.EducacionIT_74158.PracticaM2 -->
