<?xml version="1.0" encoding="UTF-8"?>
<!-- Generated by org.testng.reporters.JUnitReportReporter -->
<testsuite hostname="DESKTOP-QQJINFP" failures="0" tests="3" name="pruebas.PracticaM4b" time="10.742" errors="0" timestamp="2024-11-27T09:56:01 ART" skipped="0">
  <testcase classname="pruebas.PracticaM4b" name="buscarPalabra" time="3.056"/>
  <testcase classname="pruebas.PracticaM4b" name="buscarPalabra" time="3.391"/>
  <testcase classname="pruebas.PracticaM4b" name="buscarPalabra" time="4.295"/>
</testsuite> <!-- pruebas.PracticaM4b -->
