<?xml version="1.0" encoding="UTF-8"?>
<!-- Generated by org.testng.reporters.JUnitReportReporter -->
<testsuite hostname="DESKTOP-QQJINFP" failures="0" tests="1" name="edit.EducacionIT_74158.PracticaM1" time="24.353" errors="0" timestamp="2024-11-20T09:04:52 ART" skipped="0">
  <testcase classname="edit.EducacionIT_74158.PracticaM1" name="buscarProductoEnEdge" time="24.353"/>
</testsuite> <!-- edit.EducacionIT_74158.PracticaM1 -->
