<?xml version="1.0" encoding="UTF-8"?>
<!-- Generated by org.testng.reporters.JUnitReportReporter -->
<testsuite hostname="DESKTOP-QQJINFP" failures="0" tests="1" name="edit.EducacionIT_74158.AccesoABaseDeDatosTest" time="2.492" errors="0" timestamp="2024-12-09T08:41:43 ART" skipped="0">
  <testcase classname="edit.EducacionIT_74158.AccesoABaseDeDatosTest" name="testBaseDeDatos" time="2.492"/>
</testsuite> <!-- edit.EducacionIT_74158.AccesoABaseDeDatosTest -->
