<?xml version="1.0" encoding="UTF-8"?>
<!-- Generated by org.testng.reporters.JUnitReportReporter -->
<testsuite hostname="DESKTOP-QQJINFP" failures="0" tests="1" name="pruebas.PracticaM5b" time="6.203" errors="0" timestamp="2024-12-02T09:57:41 ART" skipped="0">
  <testcase classname="pruebas.PracticaM5b" name="alertaDemora" time="6.203"/>
</testsuite> <!-- pruebas.PracticaM5b -->
