<?xml version="1.0" encoding="UTF-8"?>
<!-- Generated by org.testng.reporters.JUnitReportReporter -->
<testsuite hostname="DESKTOP-QQJINFP" failures="0" tests="7" name="pruebas.PracticaM5Test" time="0.001" errors="0" timestamp="2024-12-09T09:18:31 ART" skipped="7">
  <testcase classname="pruebas.PracticaM5Test" name="login" time="0.001">
    <skipped/>
  </testcase> <!-- login -->
  <testcase classname="pruebas.PracticaM5Test" name="login" time="0.000">
    <skipped/>
  </testcase> <!-- login -->
  <testcase classname="pruebas.PracticaM5Test" name="login" time="0.000">
    <skipped/>
  </testcase> <!-- login -->
  <testcase classname="pruebas.PracticaM5Test" name="login" time="0.000">
    <skipped/>
  </testcase> <!-- login -->
  <testcase classname="pruebas.PracticaM5Test" name="login" time="0.000">
    <skipped/>
  </testcase> <!-- login -->
  <testcase classname="pruebas.PracticaM5Test" name="login" time="0.000">
    <skipped/>
  </testcase> <!-- login -->
  <testcase classname="pruebas.PracticaM5Test" name="login" time="0.000">
    <skipped/>
  </testcase> <!-- login -->
</testsuite> <!-- pruebas.PracticaM5Test -->
