<?xml version="1.0" encoding="UTF-8"?>
<!-- Generated by org.testng.reporters.JUnitReportReporter -->
<testsuite hostname="DESKTOP-QQJINFP" failures="0" tests="2" name="edit.EducacionIT_74158.PracticaM3Test" time="0.000" errors="0" timestamp="2024-12-09T09:18:31 ART" skipped="2">
  <testcase classname="edit.EducacionIT_74158.PracticaM3Test" name="buscarProducto" time="0.000">
    <skipped/>
  </testcase> <!-- buscarProducto -->
  <testcase classname="edit.EducacionIT_74158.PracticaM3Test" name="irAAContactanos" time="0.000">
    <skipped/>
  </testcase> <!-- irAAContactanos -->
</testsuite> <!-- edit.EducacionIT_74158.PracticaM3Test -->
