<?xml version="1.0" encoding="UTF-8"?>
<!-- Generated by org.testng.reporters.JUnitReportReporter -->
<testsuite hostname="DESKTOP-QQJINFP" failures="0" tests="1" name="edit.EducacionIT_74158.ScrollScreenshotTest" time="0.001" errors="0" timestamp="2024-12-09T09:18:31 ART" skipped="1">
  <testcase classname="edit.EducacionIT_74158.ScrollScreenshotTest" name="scrollScreenshotTest" time="0.001">
    <skipped/>
  </testcase> <!-- scrollScreenshotTest -->
</testsuite> <!-- edit.EducacionIT_74158.ScrollScreenshotTest -->
