<?xml version="1.0" encoding="UTF-8"?>
<!-- Generated by org.testng.reporters.JUnitReportReporter -->
<testsuite hostname="DESKTOP-QQJINFP" failures="0" tests="2" name="pruebas.PracticaM5bTest" time="0.000" errors="0" timestamp="2024-12-09T09:18:31 ART" skipped="2">
  <testcase classname="pruebas.PracticaM5bTest" name="alertaNotificacion" time="0.000">
    <skipped/>
  </testcase> <!-- alertaNotificacion -->
  <testcase classname="pruebas.PracticaM5bTest" name="alertaDemora" time="0.000">
    <skipped/>
  </testcase> <!-- alertaDemora -->
</testsuite> <!-- pruebas.PracticaM5bTest -->
