<?xml version="1.0" encoding="UTF-8"?>
<!-- Generated by org.testng.reporters.JUnitReportReporter -->
<testsuite hostname="DESKTOP-QQJINFP" failures="0" tests="2" name="pruebas.PracticaM4Test" time="0.000" errors="0" timestamp="2024-12-09T09:18:31 ART" skipped="2">
  <testcase classname="pruebas.PracticaM4Test" name="buscarPalabra" time="0.000">
    <skipped/>
  </testcase> <!-- buscarPalabra -->
  <testcase classname="pruebas.PracticaM4Test" name="login" time="0.000">
    <skipped/>
  </testcase> <!-- login -->
</testsuite> <!-- pruebas.PracticaM4Test -->
