<?xml version="1.0" encoding="UTF-8"?>
<!-- Generated by org.testng.reporters.JUnitReportReporter -->
<testsuite hostname="DESKTOP-QQJINFP" failures="0" tests="2" name="edit.EducacionIT_74158.PracticaM1Test" time="0.000" errors="0" timestamp="2024-12-09T09:18:31 ART" skipped="2">
  <testcase classname="edit.EducacionIT_74158.PracticaM1Test" name="buscarProductoEnEdge" time="0.000">
    <skipped/>
  </testcase> <!-- buscarProductoEnEdge -->
  <testcase classname="edit.EducacionIT_74158.PracticaM1Test" name="buscarProductoEnFirefox" time="0.000">
    <skipped/>
  </testcase> <!-- buscarProductoEnFirefox -->
</testsuite> <!-- edit.EducacionIT_74158.PracticaM1Test -->
