<?xml version="1.0" encoding="UTF-8"?>
<!-- Generated by org.testng.reporters.JUnitReportReporter -->
<testsuite hostname="DESKTOP-QQJINFP" failures="0" tests="1" name="edit.EducacionIT_74158.AccesoABaseDeDatosTest" time="0.000" errors="0" timestamp="2024-12-09T09:18:31 ART" skipped="1">
  <testcase classname="edit.EducacionIT_74158.AccesoABaseDeDatosTest" name="testBaseDeDatos" time="0.000">
    <skipped/>
  </testcase> <!-- testBaseDeDatos -->
</testsuite> <!-- edit.EducacionIT_74158.AccesoABaseDeDatosTest -->
